<?xml version="1.0" encoding="UTF-8"?>
<robot generator="Robot 4.0.3 (Python 3.9.5 on win32)" generated="20210607 13:58:22.051" rpa="false" schemaversion="2">
<suite id="s1" name="AndroidMobileTest" source="C:\Users\LQA\PycharmProjects\pythonProject\TestCases\AndroidMobileTest.robot">
<test id="s1-t1" name="OpenApp">
<kw name="Open Application" library="AppiumLibrary">
<arg>http://localhost:4723/wd/hub</arg>
<arg>platformName=ANDROID</arg>
<arg>platformVersion=9</arg>
<arg>deviceName=emulator-5554</arg>
<arg>appPackage=com.google.android.calculator</arg>
<arg>appActivity=com.android.calculator2.Calculator</arg>
<arg>automationName=UIAutomator2</arg>
<doc>Opens a new application to given Appium server.
Capabilities of appium server, Android and iOS,
Please check https://github.com/appium/appium/blob/master/docs/en/writing-running-appium/server-args.md
| *Option*            | *Man.* | *Description*     |
| remote_url          | Yes    | Appium server url |
| alias               | no     | alias             |</doc>
<status status="PASS" starttime="20210607 13:58:22.424" endtime="20210607 13:58:36.791"/>
</kw>
<kw name="Wait Until Page Contains Element" library="AppiumLibrary">
<arg>${id_number_2}</arg>
<arg>timeout=10</arg>
<arg>error=false</arg>
<doc>Waits until element specified with `locator` appears on current page.</doc>
<status status="PASS" starttime="20210607 13:58:36.793" endtime="20210607 13:58:38.345"/>
</kw>
<kw name="AddTestCase">
<kw name="Click Element" library="AppiumLibrary">
<arg>${id_number_2}</arg>
<doc>Click element identified by `locator`.</doc>
<msg timestamp="20210607 13:58:38.347" level="INFO">Clicking element 'id=com.google.android.calculator:id/digit_2'.</msg>
<status status="PASS" starttime="20210607 13:58:38.345" endtime="20210607 13:58:38.423"/>
</kw>
<kw name="Click Element" library="AppiumLibrary">
<arg>${id_add}</arg>
<doc>Click element identified by `locator`.</doc>
<msg timestamp="20210607 13:58:38.425" level="INFO">Clicking element 'id=com.google.android.calculator:id/op_add'.</msg>
<status status="PASS" starttime="20210607 13:58:38.424" endtime="20210607 13:58:38.985"/>
</kw>
<kw name="Click Element" library="AppiumLibrary">
<arg>${id_number_9}</arg>
<doc>Click element identified by `locator`.</doc>
<msg timestamp="20210607 13:58:38.990" level="INFO">Clicking element 'id=com.google.android.calculator:id/digit_9'.</msg>
<status status="PASS" starttime="20210607 13:58:38.985" endtime="20210607 13:58:39.585"/>
</kw>
<kw name="Click Element" library="AppiumLibrary">
<arg>${id_eq}</arg>
<doc>Click element identified by `locator`.</doc>
<msg timestamp="20210607 13:58:39.587" level="INFO">Clicking element 'id=com.google.android.calculator:id/eq'.</msg>
<status status="PASS" starttime="20210607 13:58:39.585" endtime="20210607 13:58:40.162"/>
</kw>
<kw name="Page Should Contain Text" library="AppiumLibrary">
<arg>10</arg>
<doc>Verifies that current page contains `text`.</doc>
<msg timestamp="20210607 13:58:41.476" level="INFO">Current page contains text '10'.</msg>
<status status="PASS" starttime="20210607 13:58:40.162" endtime="20210607 13:58:41.477"/>
</kw>
<status status="PASS" starttime="20210607 13:58:38.345" endtime="20210607 13:58:41.477"/>
</kw>
<kw name="Clear Text" library="AppiumLibrary">
<arg>${id_result}</arg>
<doc>Clears the text field identified by `locator`.</doc>
<msg timestamp="20210607 13:58:41.478" level="INFO">Clear text field 'id=com.google.android.calculator:id/result'</msg>
<status status="PASS" starttime="20210607 13:58:41.477" endtime="20210607 13:58:41.524"/>
</kw>
<kw name="MulTestCase">
<kw name="Click Element" library="AppiumLibrary">
<arg>${id_number_2}</arg>
<doc>Click element identified by `locator`.</doc>
<msg timestamp="20210607 13:58:41.526" level="INFO">Clicking element 'id=com.google.android.calculator:id/digit_2'.</msg>
<status status="PASS" starttime="20210607 13:58:41.525" endtime="20210607 13:58:42.164"/>
</kw>
<kw name="Click Element" library="AppiumLibrary">
<arg>${id_mul}</arg>
<doc>Click element identified by `locator`.</doc>
<msg timestamp="20210607 13:58:42.167" level="INFO">Clicking element 'id=com.google.android.calculator:id/op_mul'.</msg>
<status status="PASS" starttime="20210607 13:58:42.165" endtime="20210607 13:58:42.752"/>
</kw>
<kw name="Click Element" library="AppiumLibrary">
<arg>${id_number_9}</arg>
<doc>Click element identified by `locator`.</doc>
<msg timestamp="20210607 13:58:42.754" level="INFO">Clicking element 'id=com.google.android.calculator:id/digit_9'.</msg>
<status status="PASS" starttime="20210607 13:58:42.752" endtime="20210607 13:58:43.313"/>
</kw>
<kw name="Click Element" library="AppiumLibrary">
<arg>${id_eq}</arg>
<doc>Click element identified by `locator`.</doc>
<msg timestamp="20210607 13:58:43.317" level="INFO">Clicking element 'id=com.google.android.calculator:id/eq'.</msg>
<status status="PASS" starttime="20210607 13:58:43.314" endtime="20210607 13:58:43.893"/>
</kw>
<kw name="Page Should Contain Text" library="AppiumLibrary">
<arg>18</arg>
<doc>Verifies that current page contains `text`.</doc>
<msg timestamp="20210607 13:58:44.384" level="INFO">Current page contains text '18'.</msg>
<status status="PASS" starttime="20210607 13:58:43.893" endtime="20210607 13:58:44.384"/>
</kw>
<status status="PASS" starttime="20210607 13:58:41.525" endtime="20210607 13:58:44.384"/>
</kw>
<status status="PASS" starttime="20210607 13:58:22.423" endtime="20210607 13:58:44.385"/>
</test>
<status status="PASS" starttime="20210607 13:58:22.053" endtime="20210607 13:58:44.389"/>
</suite>
<statistics>
<total>
<stat pass="1" fail="0" skip="0">All Tests</stat>
</total>
<tag>
</tag>
<suite>
<stat pass="1" fail="0" skip="0" id="s1" name="AndroidMobileTest">AndroidMobileTest</stat>
</suite>
</statistics>
<errors>
</errors>
</robot>
