<?xml version="1.0" encoding="UTF-8"?>
<robot generator="Robot 4.0.3 (Python 3.9.5 on win32)" generated="20210607 16:59:32.158" rpa="false" schemaversion="2">
<suite id="s1" name="DemoLoginAndroid" source="C:\Users\LQA\PycharmProjects\pythonProject\TestCases\DemoLoginAndroid.robot">
<test id="s1-t1" name="OpenApp">
<kw name="Open Application" library="AppiumLibrary">
<arg>http://localhost:4723/wd/hub</arg>
<arg>platformName=ANDROID</arg>
<arg>platformVersion=9</arg>
<arg>deviceName=emulator-5554</arg>
<arg>appPackage=com.loginmodule.learning</arg>
<arg>appActivity=com.loginmodule.learning.activities.LoginActivity</arg>
<arg>automationName=UIAutomator2</arg>
<doc>Opens a new application to given Appium server.
Capabilities of appium server, Android and iOS,
Please check https://github.com/appium/appium/blob/master/docs/en/writing-running-appium/server-args.md
| *Option*            | *Man.* | *Description*     |
| remote_url          | Yes    | Appium server url |
| alias               | no     | alias             |</doc>
<status status="PASS" starttime="20210607 16:59:32.390" endtime="20210607 16:59:48.712"/>
</kw>
<status status="PASS" starttime="20210607 16:59:32.390" endtime="20210607 16:59:48.713"/>
</test>
<test id="s1-t2" name="Register">
<kw name="Click Element" library="AppiumLibrary">
<arg>${register_id}</arg>
<doc>Click element identified by `locator`.</doc>
<msg timestamp="20210607 16:59:48.721" level="INFO">Clicking element 'com.loginmodule.learning:id/textViewLinkRegister'.</msg>
<status status="PASS" starttime="20210607 16:59:48.715" endtime="20210607 16:59:49.107"/>
</kw>
<kw name="Wait Until Page Contains Element" library="AppiumLibrary">
<arg>${register_name_id}</arg>
<doc>Waits until element specified with `locator` appears on current page.</doc>
<status status="PASS" starttime="20210607 16:59:49.108" endtime="20210607 16:59:49.851"/>
</kw>
<kw name="Input Text" library="AppiumLibrary">
<arg>${register_name_id}</arg>
<arg>Phong</arg>
<doc>Types the given `text` into text field identified by `locator`.</doc>
<msg timestamp="20210607 16:59:49.854" level="INFO">Typing text 'Phong' into text field 'com.loginmodule.learning:id/textInputEditTextName'</msg>
<status status="PASS" starttime="20210607 16:59:49.852" endtime="20210607 16:59:49.917"/>
</kw>
<kw name="Input Text" library="AppiumLibrary">
<arg>${register_email_id}</arg>
<arg>${email}</arg>
<doc>Types the given `text` into text field identified by `locator`.</doc>
<msg timestamp="20210607 16:59:49.923" level="INFO">Typing text 'vankhanhsb@gmail.com' into text field 'com.loginmodule.learning:id/textInputEditTextEmail'</msg>
<status status="PASS" starttime="20210607 16:59:49.918" endtime="20210607 16:59:50.480"/>
</kw>
<kw name="InputAndConfirmPassword">
<arg>${pass}</arg>
<kw name="Input Password" library="AppiumLibrary">
<arg>${register_password_id}</arg>
<arg>${password}</arg>
<doc>Types the given password into text field identified by `locator`.</doc>
<msg timestamp="20210607 16:59:50.486" level="INFO">Typing password into text field 'com.loginmodule.learning:id/textInputEditTextPassword'</msg>
<status status="PASS" starttime="20210607 16:59:50.481" endtime="20210607 16:59:51.029"/>
</kw>
<kw name="Input Password" library="AppiumLibrary">
<arg>${register_confirm_pw_id}</arg>
<arg>${password}</arg>
<doc>Types the given password into text field identified by `locator`.</doc>
<msg timestamp="20210607 16:59:51.034" level="INFO">Typing password into text field 'com.loginmodule.learning:id/textInputEditTextConfirmPassword'</msg>
<status status="PASS" starttime="20210607 16:59:51.029" endtime="20210607 16:59:51.557"/>
</kw>
<status status="PASS" starttime="20210607 16:59:50.480" endtime="20210607 16:59:51.557"/>
</kw>
<kw name="Click Element" library="AppiumLibrary">
<arg>${register_button_id}</arg>
<doc>Click element identified by `locator`.</doc>
<msg timestamp="20210607 16:59:51.560" level="INFO">Clicking element 'com.loginmodule.learning:id/appCompatButtonRegister'.</msg>
<status status="PASS" starttime="20210607 16:59:51.557" endtime="20210607 16:59:52.096"/>
</kw>
<kw name="Wait Until Element Is Visible" library="AppiumLibrary">
<arg>${register_ok_message_id}</arg>
<doc>Waits until element specified with `locator` is visible.</doc>
<status status="PASS" starttime="20210607 16:59:52.096" endtime="20210607 16:59:53.051"/>
</kw>
<kw name="Page Should Contain Element" library="AppiumLibrary">
<arg>${register_ok_message_id}</arg>
<doc>Verifies that current page contains `locator` element.</doc>
<msg timestamp="20210607 16:59:53.081" level="INFO">Current page contains element 'com.loginmodule.learning:id/snackbar_text'.</msg>
<status status="PASS" starttime="20210607 16:59:53.051" endtime="20210607 16:59:53.081"/>
</kw>
<kw name="Go Back" library="AppiumLibrary">
<doc>Goes one step backward in the browser history.</doc>
<status status="PASS" starttime="20210607 16:59:53.081" endtime="20210607 16:59:53.174"/>
</kw>
<status status="PASS" starttime="20210607 16:59:48.714" endtime="20210607 16:59:53.175"/>
</test>
<test id="s1-t3" name="LoginSuccess">
<kw name="InputEmailLogin">
<arg>${email}</arg>
<kw name="Input Text" library="AppiumLibrary">
<arg>${login_email_id}</arg>
<arg>${email}</arg>
<doc>Types the given `text` into text field identified by `locator`.</doc>
<msg timestamp="20210607 16:59:53.186" level="INFO">Typing text 'vankhanhsb@gmail.com' into text field 'com.loginmodule.learning:id/textInputEditTextEmail'</msg>
<status status="PASS" starttime="20210607 16:59:53.180" endtime="20210607 16:59:53.769"/>
</kw>
<status status="PASS" starttime="20210607 16:59:53.178" endtime="20210607 16:59:53.769"/>
</kw>
<kw name="InputPWLogin">
<arg>${pass}</arg>
<kw name="Input Text" library="AppiumLibrary">
<arg>${login_pw_id}</arg>
<arg>${pw}</arg>
<doc>Types the given `text` into text field identified by `locator`.</doc>
<msg timestamp="20210607 16:59:53.773" level="INFO">Typing text '12345678' into text field 'com.loginmodule.learning:id/textInputEditTextPassword'</msg>
<status status="PASS" starttime="20210607 16:59:53.770" endtime="20210607 16:59:54.301"/>
</kw>
<status status="PASS" starttime="20210607 16:59:53.770" endtime="20210607 16:59:54.302"/>
</kw>
<kw name="Click Element" library="AppiumLibrary">
<arg>${login_button_id}</arg>
<doc>Click element identified by `locator`.</doc>
<msg timestamp="20210607 16:59:54.304" level="INFO">Clicking element 'com.loginmodule.learning:id/appCompatButtonLogin'.</msg>
<status status="PASS" starttime="20210607 16:59:54.302" endtime="20210607 16:59:54.847"/>
</kw>
<kw name="Wait Until Element Is Visible" library="AppiumLibrary">
<arg>${login_success}</arg>
<doc>Waits until element specified with `locator` is visible.</doc>
<status status="PASS" starttime="20210607 16:59:54.848" endtime="20210607 16:59:55.581"/>
</kw>
<kw name="Page Should Contain Element" library="AppiumLibrary">
<arg>${login_success}</arg>
<doc>Verifies that current page contains `locator` element.</doc>
<msg timestamp="20210607 16:59:55.611" level="INFO">Current page contains element 'com.loginmodule.learning:id/textViewName'.</msg>
<status status="PASS" starttime="20210607 16:59:55.581" endtime="20210607 16:59:55.611"/>
</kw>
<kw name="Go Back" library="AppiumLibrary">
<doc>Goes one step backward in the browser history.</doc>
<status status="PASS" starttime="20210607 16:59:55.612" endtime="20210607 16:59:55.691"/>
</kw>
<status status="PASS" starttime="20210607 16:59:53.176" endtime="20210607 16:59:55.691"/>
</test>
<test id="s1-t4" name="LoginFail">
<kw name="InputEmailLogin">
<arg>a</arg>
<kw name="Input Text" library="AppiumLibrary">
<arg>${login_email_id}</arg>
<arg>${email}</arg>
<doc>Types the given `text` into text field identified by `locator`.</doc>
<msg timestamp="20210607 16:59:55.697" level="INFO">Typing text 'a' into text field 'com.loginmodule.learning:id/textInputEditTextEmail'</msg>
<status status="PASS" starttime="20210607 16:59:55.693" endtime="20210607 16:59:56.266"/>
</kw>
<status status="PASS" starttime="20210607 16:59:55.693" endtime="20210607 16:59:56.266"/>
</kw>
<kw name="InputPWLogin">
<arg>1</arg>
<kw name="Input Text" library="AppiumLibrary">
<arg>${login_pw_id}</arg>
<arg>${pw}</arg>
<doc>Types the given `text` into text field identified by `locator`.</doc>
<msg timestamp="20210607 16:59:56.271" level="INFO">Typing text '1' into text field 'com.loginmodule.learning:id/textInputEditTextPassword'</msg>
<status status="PASS" starttime="20210607 16:59:56.267" endtime="20210607 16:59:56.816"/>
</kw>
<status status="PASS" starttime="20210607 16:59:56.267" endtime="20210607 16:59:56.816"/>
</kw>
<kw name="Click Element" library="AppiumLibrary">
<arg>${login_button_id}</arg>
<doc>Click element identified by `locator`.</doc>
<msg timestamp="20210607 16:59:56.818" level="INFO">Clicking element 'com.loginmodule.learning:id/appCompatButtonLogin'.</msg>
<status status="PASS" starttime="20210607 16:59:56.817" endtime="20210607 16:59:57.328"/>
</kw>
<kw name="Wait Until Page Contains" library="AppiumLibrary">
<arg>Enter Valid Email</arg>
<doc>Waits until `text` appears on current page.</doc>
<status status="PASS" starttime="20210607 16:59:57.329" endtime="20210607 16:59:58.066"/>
</kw>
<kw name="Page Should Contain Text" library="AppiumLibrary">
<arg>Enter Valid Email</arg>
<doc>Verifies that current page contains `text`.</doc>
<msg timestamp="20210607 16:59:58.177" level="INFO">Current page contains text 'Enter Valid Email'.</msg>
<status status="PASS" starttime="20210607 16:59:58.066" endtime="20210607 16:59:58.177"/>
</kw>
<kw name="Go Back" library="AppiumLibrary">
<doc>Goes one step backward in the browser history.</doc>
<status status="PASS" starttime="20210607 16:59:58.178" endtime="20210607 16:59:58.524"/>
</kw>
<status status="PASS" starttime="20210607 16:59:55.692" endtime="20210607 16:59:58.525"/>
</test>
<status status="PASS" starttime="20210607 16:59:32.160" endtime="20210607 16:59:58.527"/>
</suite>
<statistics>
<total>
<stat pass="4" fail="0" skip="0">All Tests</stat>
</total>
<tag>
</tag>
<suite>
<stat pass="4" fail="0" skip="0" id="s1" name="DemoLoginAndroid">DemoLoginAndroid</stat>
</suite>
</statistics>
<errors>
</errors>
</robot>
