<?xml version="1.0" encoding="UTF-8"?>
<robot generator="Robot 4.0.3 (Python 3.9.5 on win32)" generated="20210602 15:30:47.116" rpa="false" schemaversion="2">
<suite id="s1" name="TC1" source="C:\Users\LQA\PycharmProjects\pythonProject\TestCases\TC1.robot">
<test id="s1-t1" name="Search Robot framework on Google site">
<kw name="[Tags] search_robot">
<msg timestamp="20210602 15:30:47.143" level="FAIL">No keyword with name '[Tags] search_robot' found.</msg>
<status status="FAIL" starttime="20210602 15:30:47.143" endtime="20210602 15:30:47.143"/>
</kw>
<kw name="Open Browser https://www.google.com.vn/ chrome">
<status status="NOT RUN" starttime="20210602 15:30:47.144" endtime="20210602 15:30:47.145"/>
</kw>
<kw name="wait until page contains https://www.google.com.vn/">
<status status="NOT RUN" starttime="20210602 15:30:47.145" endtime="20210602 15:30:47.145"/>
</kw>
<kw name="Input Text //*[@class=&quot;pR49Ae gsfi&quot;] Robot Framework">
<status status="NOT RUN" starttime="20210602 15:30:47.146" endtime="20210602 15:30:47.146"/>
</kw>
<kw name="press key //*[@class=&quot;iblpc&quot;]">
<status status="NOT RUN" starttime="20210602 15:30:47.147" endtime="20210602 15:30:47.147"/>
</kw>
<kw name="wait until page contains Robot">
<status status="NOT RUN" starttime="20210602 15:30:47.149" endtime="20210602 15:30:47.149"/>
</kw>
<kw name="close browser">
<status status="NOT RUN" starttime="20210602 15:30:47.150" endtime="20210602 15:30:47.150"/>
</kw>
<status status="FAIL" starttime="20210602 15:30:47.141" endtime="20210602 15:30:47.151">No keyword with name '[Tags] search_robot' found.</status>
</test>
<doc>Suite description</doc>
<status status="FAIL" starttime="20210602 15:30:47.118" endtime="20210602 15:30:47.152"/>
</suite>
<statistics>
<total>
<stat pass="0" fail="1" skip="0">All Tests</stat>
</total>
<tag>
</tag>
<suite>
<stat pass="0" fail="1" skip="0" id="s1" name="TC1">TC1</stat>
</suite>
</statistics>
<errors>
<msg timestamp="20210602 15:30:47.111" level="ERROR">Error in file 'C:\Users\LQA\PycharmProjects\pythonProject\TestCases\TC1.robot' on line 3: Non-existing setting 'Library Selenium2Library'.</msg>
</errors>
</robot>
